<?xml version="1.0" encoding="UTF-8"?>
<!-- Generated by org.testng.reporters.JUnitReportReporter -->
<testsuite hostname="INBook_X1" failures="0" tests="3" name="TestRunner.CucumberTestRunner" time="14.746" errors="0" timestamp="2024-11-07T15:36:14 IST" skipped="0">
  <testcase classname="TestRunner.CucumberTestRunner" name="runScenario" time="5.654"/>
  <testcase classname="TestRunner.CucumberTestRunner" name="runScenario" time="4.716"/>
  <testcase classname="TestRunner.CucumberTestRunner" name="runScenario" time="4.376"/>
</testsuite> <!-- TestRunner.CucumberTestRunner -->
