<?xml version="1.0" encoding="UTF-8"?>
<!-- Generated by org.testng.reporters.JUnitReportReporter -->
<testsuite hostname="INBook_X1" failures="0" tests="2" name="TestRunner.CucumberTestRunnerLogin" time="8.274" errors="0" timestamp="2024-10-30T17:06:51 IST" skipped="0">
  <testcase classname="TestRunner.CucumberTestRunnerLogin" name="runScenario" time="4.314"/>
  <testcase classname="TestRunner.CucumberTestRunnerLogin" name="runScenario" time="3.960"/>
</testsuite> <!-- TestRunner.CucumberTestRunnerLogin -->
