<?xml version="1.0" encoding="UTF-8"?>
<!-- Generated by org.testng.reporters.JUnitReportReporter -->
<testsuite hostname="INBook_X1" failures="0" tests="3" name="TestRunner.CucumberTestRunner" time="13.085" errors="0" timestamp="2024-11-04T14:18:10 IST" skipped="0">
  <testcase classname="TestRunner.CucumberTestRunner" name="runScenario" time="4.730"/>
  <testcase classname="TestRunner.CucumberTestRunner" name="runScenario" time="4.121"/>
  <testcase classname="TestRunner.CucumberTestRunner" name="runScenario" time="4.234"/>
</testsuite> <!-- TestRunner.CucumberTestRunner -->
