<?xml version="1.0" encoding="UTF-8"?>
<!-- Generated by org.testng.reporters.JUnitReportReporter -->
<testsuite hostname="INBook_X1" failures="0" tests="3" name="TestRunner.CucumberTestRunner" time="0.541" errors="3" timestamp="2024-11-05T14:50:33 IST" skipped="0">
  <testcase classname="TestRunner.CucumberTestRunner" name="runScenario" time="0.525">
    <error message="Cannot invoke &quot;org.openqa.selenium.WebDriver.manage()&quot; because &quot;this.driver&quot; is null" type="java.lang.NullPointerException">
      <![CDATA[java.lang.NullPointerException: Cannot invoke "org.openqa.selenium.WebDriver.manage()" because "this.driver" is null
at StepDefinition.LoginSteps2.setup(LoginSteps2.java:71)
]]>
    </error>
  </testcase> <!-- runScenario -->
  <testcase classname="TestRunner.CucumberTestRunner" name="runScenario" time="0.008">
    <error message="Cannot invoke &quot;org.openqa.selenium.WebDriver.manage()&quot; because &quot;this.driver&quot; is null" type="java.lang.NullPointerException">
      <![CDATA[java.lang.NullPointerException: Cannot invoke "org.openqa.selenium.WebDriver.manage()" because "this.driver" is null
at StepDefinition.LoginSteps2.setup(LoginSteps2.java:71)
]]>
    </error>
  </testcase> <!-- runScenario -->
  <testcase classname="TestRunner.CucumberTestRunner" name="runScenario" time="0.008">
    <error message="Cannot invoke &quot;org.openqa.selenium.WebDriver.manage()&quot; because &quot;this.driver&quot; is null" type="java.lang.NullPointerException">
      <![CDATA[java.lang.NullPointerException: Cannot invoke "org.openqa.selenium.WebDriver.manage()" because "this.driver" is null
at StepDefinition.LoginSteps2.setup(LoginSteps2.java:71)
]]>
    </error>
  </testcase> <!-- runScenario -->
</testsuite> <!-- TestRunner.CucumberTestRunner -->
