<?xml version="1.0" encoding="UTF-8"?>
<!-- Generated by org.testng.reporters.JUnitReportReporter -->
<testsuite hostname="INBook_X1" failures="0" tests="3" name="TestRunner.CucumberTestRunner" time="75.821" errors="0" timestamp="2024-11-06T22:41:40 IST" skipped="0">
  <testcase classname="TestRunner.CucumberTestRunner" name="runScenario" time="22.416"/>
  <testcase classname="TestRunner.CucumberTestRunner" name="runScenario" time="30.895"/>
  <testcase classname="TestRunner.CucumberTestRunner" name="runScenario" time="22.510"/>
</testsuite> <!-- TestRunner.CucumberTestRunner -->
