<?xml version="1.0" encoding="UTF-8"?>
<!-- Generated by org.testng.reporters.JUnitReportReporter -->
<testsuite hostname="INBook_X1" failures="0" tests="3" name="TestRunner.CucumberTestRunner" time="18.640" errors="0" timestamp="2024-11-05T14:34:44 IST" skipped="0">
  <testcase classname="TestRunner.CucumberTestRunner" name="runScenario" time="5.798"/>
  <testcase classname="TestRunner.CucumberTestRunner" name="runScenario" time="5.443"/>
  <testcase classname="TestRunner.CucumberTestRunner" name="runScenario" time="7.399"/>
</testsuite> <!-- TestRunner.CucumberTestRunner -->
