<?xml version="1.0" encoding="UTF-8"?>
<!-- Generated by org.testng.reporters.JUnitReportReporter -->
<testsuite hostname="INBook_X1" failures="0" tests="3" name="TestRunner.CucumberTestRunner" time="16.260" errors="0" timestamp="2024-11-07T16:01:42 IST" skipped="0">
  <testcase classname="TestRunner.CucumberTestRunner" name="runScenario" time="4.838"/>
  <testcase classname="TestRunner.CucumberTestRunner" name="runScenario" time="4.522"/>
  <testcase classname="TestRunner.CucumberTestRunner" name="runScenario" time="6.900"/>
</testsuite> <!-- TestRunner.CucumberTestRunner -->
