<?xml version="1.0" encoding="UTF-8"?>
<!-- Generated by org.testng.reporters.JUnitReportReporter -->
<testsuite hostname="INBook_X1" failures="0" tests="2" name="TestRunner.CucumberTestRunner" time="10.389" errors="0" timestamp="2024-10-31T00:09:48 IST" skipped="0">
  <testcase classname="TestRunner.CucumberTestRunner" name="runScenario" time="4.809"/>
  <testcase classname="TestRunner.CucumberTestRunner" name="runScenario" time="5.580"/>
</testsuite> <!-- TestRunner.CucumberTestRunner -->
