<?xml version="1.0" encoding="UTF-8"?>
<!-- Generated by org.testng.reporters.JUnitReportReporter -->
<testsuite hostname="INBook_X1" failures="0" tests="3" name="TestRunner.CucumberTestRunner" time="14.513" errors="0" timestamp="2024-11-04T23:16:28 IST" skipped="0">
  <testcase classname="TestRunner.CucumberTestRunner" name="runScenario" time="4.460"/>
  <testcase classname="TestRunner.CucumberTestRunner" name="runScenario" time="5.747"/>
  <testcase classname="TestRunner.CucumberTestRunner" name="runScenario" time="4.306"/>
</testsuite> <!-- TestRunner.CucumberTestRunner -->
