<?xml version="1.0" encoding="UTF-8"?>
<!-- Generated by org.testng.reporters.JUnitReportReporter -->
<testsuite hostname="INBook_X1" failures="0" tests="3" name="TestRunner.CucumberTestRunner" time="15.878" errors="0" timestamp="2024-12-02T12:21:22 IST" skipped="0">
  <testcase classname="TestRunner.CucumberTestRunner" name="runScenario" time="5.679"/>
  <testcase classname="TestRunner.CucumberTestRunner" name="runScenario" time="4.406"/>
  <testcase classname="TestRunner.CucumberTestRunner" name="runScenario" time="5.793"/>
</testsuite> <!-- TestRunner.CucumberTestRunner -->
