<?xml version="1.0" encoding="UTF-8"?>
<!-- Generated by org.testng.reporters.JUnitReportReporter -->
<testsuite hostname="INBook_X1" failures="0" tests="3" name="TestRunner.CucumberTestRunner" time="31.901" errors="0" timestamp="2024-11-06T13:25:09 IST" skipped="0">
  <testcase classname="TestRunner.CucumberTestRunner" name="runScenario" time="20.182"/>
  <testcase classname="TestRunner.CucumberTestRunner" name="runScenario" time="5.982"/>
  <testcase classname="TestRunner.CucumberTestRunner" name="runScenario" time="5.737"/>
</testsuite> <!-- TestRunner.CucumberTestRunner -->
