<?xml version="1.0" encoding="UTF-8"?>
<!-- Generated by org.testng.reporters.JUnitReportReporter -->
<testsuite hostname="INBook_X1" failures="0" tests="3" name="TestRunner.CucumberTestRunner" time="13.328" errors="0" timestamp="2025-01-02T16:12:32 IST" skipped="0">
  <testcase classname="TestRunner.CucumberTestRunner" name="runScenario" time="3.879"/>
  <testcase classname="TestRunner.CucumberTestRunner" name="runScenario" time="5.687"/>
  <testcase classname="TestRunner.CucumberTestRunner" name="runScenario" time="3.762"/>
</testsuite> <!-- TestRunner.CucumberTestRunner -->
