<?xml version="1.0" encoding="UTF-8"?>
<!-- Generated by org.testng.reporters.JUnitReportReporter -->
<testsuite hostname="INBook_X1" failures="0" tests="2" name="TestRunner.CucumberTestRunner" time="9.397" errors="0" timestamp="2024-10-30T17:35:12 IST" skipped="0">
  <testcase classname="TestRunner.CucumberTestRunner" name="runScenario" time="4.154"/>
  <testcase classname="TestRunner.CucumberTestRunner" name="runScenario" time="5.243"/>
</testsuite> <!-- TestRunner.CucumberTestRunner -->
