<?xml version="1.0" encoding="UTF-8"?>
<!-- Generated by org.testng.reporters.JUnitReportReporter -->
<testsuite hostname="INBook_X1" failures="0" tests="3" name="TestRunner.CucumberTestRunner" time="18.123" errors="0" timestamp="2024-11-07T15:35:40 IST" skipped="0">
  <testcase classname="TestRunner.CucumberTestRunner" name="runScenario" time="9.168"/>
  <testcase classname="TestRunner.CucumberTestRunner" name="runScenario" time="4.345"/>
  <testcase classname="TestRunner.CucumberTestRunner" name="runScenario" time="4.610"/>
</testsuite> <!-- TestRunner.CucumberTestRunner -->
